[2025-08-23 18:50:02,526][__main__][INFO] - Configuration:
[2025-08-23 18:50:02,527][__main__][INFO] - project_name: oct_cls_v1
seed: 42
paths:
  labels_tsv: ai-readi/dataset/participants.tsv
  checkpoint_path: /Users/layne/Mac/Acdamic/UCInspire/checkpoints/best_checkpoint_multi_domain.pt
  s3_bucket: eye-dataset
  s3_prefix: ai-readi/dataset/retinal_oct/
s3:
  endpoint_env: S3_ENDPOINT_URL
data:
  num_workers: 4
  cache_dir: /tmp/oct_cache
  batch_size: 2
  val_batch_size: 2
  augment:
    flip: true
    intensity_jitter: true
    resize:
    - 64
    - 384
    - 384
classes:
  mapping:
    healthy: 0
    pre_diabetes_lifestyle_controlled: 1
    oral_medication_and_or_non_insulin_injectable_medication_controlled: 2
    insulin_dependent: 3
model:
  emb_dim: 768
  freeze_encoder: true
  unfreeze_at_epoch: -1
  pool_method: mean
  head:
    hidden: 0
    dropout: 0.1
train:
  epochs: 50
  lr_head: 0.001
  lr_encoder: 3.0e-05
  weight_decay: 0.0001
  optimizer: AdamW
  scheduler: cosine
  warmup_epochs: 2
  class_weights: auto
  precision: fp32
  early_stopping:
    enabled: true
    patience: 10
    min_delta: 0.001
log:
  wandb: false
  wandb_project: 3d-oct-foundation-model
  wandb_entity: laynzzz-university-at-buffalo
  ckpt_dir: ./runs/cls_lp_v1
  save_best: true
  save_last: true

[2025-08-23 18:50:02,530][__main__][INFO] - Random seed set to 42
[2025-08-23 18:50:02,530][__main__][INFO] - Using CPU device
[2025-08-23 18:50:02,530][finetuning.data.labels][INFO] - Starting labels processing pipeline
[2025-08-23 18:50:02,970][finetuning.data.labels][INFO] - Loaded 1067 participants from B2: ai-readi/dataset/participants.tsv
[2025-08-23 18:50:02,972][finetuning.data.labels][INFO] - Filtered to 1061 participants with OCT data
[2025-08-23 18:50:02,975][finetuning.data.labels][INFO] - Class distribution:
[2025-08-23 18:50:02,975][finetuning.data.labels][INFO] -   0 (healthy): 369 samples
[2025-08-23 18:50:02,975][finetuning.data.labels][INFO] -   1 (pre_diabetes_lifestyle_controlled): 242 samples
[2025-08-23 18:50:02,975][finetuning.data.labels][INFO] -   2 (oral_medication_and_or_non_insulin_injectable_medication_controlled): 321 samples
[2025-08-23 18:50:02,975][finetuning.data.labels][INFO] -   3 (insulin_dependent): 129 samples
[2025-08-23 18:50:02,976][finetuning.data.labels][INFO] - Split sizes - Train: 743, Val: 159, Test: 159
[2025-08-23 18:50:02,976][finetuning.data.labels][INFO] - Train class distribution: {0: 290, 1: 162, 2: 233, 3: 58}
[2025-08-23 18:50:02,977][finetuning.data.labels][INFO] - Val class distribution: {0: 39, 1: 40, 2: 47, 3: 33}
[2025-08-23 18:50:02,977][finetuning.data.labels][INFO] - Test class distribution: {0: 40, 1: 40, 2: 41, 3: 38}
[2025-08-23 18:50:02,978][finetuning.data.labels][INFO] - Class weights (balanced): {0: 0.6405172413793103, 1: 1.146604938271605, 2: 0.7972103004291845, 3: 3.2025862068965516}
[2025-08-23 18:50:02,978][finetuning.data.labels][INFO] - Labels processing completed
[2025-08-23 18:50:02,978][__main__][INFO] - Dataset sizes - Train: 743, Val: 159, Test: 159
[2025-08-23 18:50:02,978][finetuning.data.locator][INFO] - Building OCT key mapping from bucket contents...
[2025-08-23 18:50:03,242][finetuning.data.locator][INFO] - Found 4 device directories under 'ai-readi/dataset/retinal_oct/structural_oct/'
[2025-08-23 18:50:03,517][finetuning.data.locator][INFO] - Found 1000 participants under heidelberg_spectralis
[2025-08-23 18:51:08,463][finetuning.data.locator][INFO] - Found 1000 participants under topcon_maestro2
[2025-08-23 18:52:12,264][finetuning.data.locator][INFO] - Found 1000 participants under topcon_triton
[2025-08-23 18:53:17,536][finetuning.data.locator][INFO] - Found 1000 participants under zeiss_cirrus
